<?xml version="1.0" encoding="UTF-8"?>
<!-- Generated by org.testng.reporters.JUnitXMLReporter -->
<testsuite hostname="PRINHYLTPHP0476" name="faceBook" tests="6" failures="0" timestamp="29 Jul 2019 09:37:10 GMT" time="38.44" errors="0">
  <testcase name="mainDriverForChrome" time="4.462" classname="com.imaginea.corridortaskJen.CorridorFeatures"/>
  <testcase name="HolidayList" time="7.012" classname="com.imaginea.corridortaskJen.CorridorFeatures"/>
  <testcase name="letsMeet" time="4.292" classname="com.imaginea.corridortaskJen.CorridorFeatures"/>
  <testcase name="profileLaunch" time="4.771" classname="com.imaginea.corridortaskJen.CorridorFeatures"/>
  <testcase name="TripToPlan" time="5.084" classname="com.imaginea.corridortaskJen.CorridorFeatures"/>
  <testcase name="phoneBook" time="12.779" classname="com.imaginea.corridortaskJen.CorridorFeatures"/>
</testsuite> <!-- faceBook -->
